<?xml version="1.0" encoding="UTF-8"?>
<!-- Generated by org.testng.reporters.JUnitXMLReporter -->
<testsuite ignored="0" hostname="LAPTOP-FJVUST8L" failures="0" tests="2" name="Default test" time="0.104" errors="0" timestamp="2022-09-28T17:59:16 IST">
  <testcase classname="com.ex4.BAsicAnnotationExamples.TestAnnotationBeforeGroups" name="testMethod" time="0.013"/>
  <testcase classname="com.ex4.BAsicAnnotationExamples.TestAnnotationBeforeGroups" name="testMethod1" time="0.001"/>
</testsuite> <!-- Default test -->
